Analysis & Synthesis report for COA-Practical-Work
Tue Mar 24 11:19:35 2026
Quartus II Version 9.1 Build 350 03/24/2010 Service Pack 2 SJ Web Edition


---------------------
; Table of Contents ;
---------------------
  1. Legal Notice
  2. Analysis & Synthesis Summary
  3. Analysis & Synthesis Settings
  4. Parallel Compilation
  5. Analysis & Synthesis Source Files Read
  6. Analysis & Synthesis Resource Usage Summary
  7. Analysis & Synthesis Resource Utilization by Entity
  8. General Register Statistics
  9. Parameter Settings for User Entity Instance: lpm_clshift0:inst6|lpm_clshift:lpm_clshift_component
 10. Analysis & Synthesis Messages



----------------
; Legal Notice ;
----------------
Copyright (C) 1991-2010 Altera Corporation
Your use of Altera Corporation's design tools, logic functions 
and other software and tools, and its AMPP partner logic 
functions, and any output files from any of the foregoing 
(including device programming or simulation files), and any 
associated documentation or information are expressly subject 
to the terms and conditions of the Altera Program License 
Subscription Agreement, Altera MegaCore Function License 
Agreement, or other applicable license agreement, including, 
without limitation, that your use is for the sole purpose of 
programming logic devices manufactured by Altera and sold by 
Altera or its authorized distributors.  Please refer to the 
applicable agreement for further details.



+------------------------------------------------------------------------------+
; Analysis & Synthesis Summary                                                 ;
+-------------------------------+----------------------------------------------+
; Analysis & Synthesis Status   ; Successful - Tue Mar 24 11:19:35 2026        ;
; Quartus II Version            ; 9.1 Build 350 03/24/2010 SP 2 SJ Web Edition ;
; Revision Name                 ; COA-Practical-Work                           ;
; Top-level Entity Name         ; ALU_shift                                    ;
; Family                        ; Stratix II                                   ;
; Logic utilization             ; N/A                                          ;
;     Combinational ALUTs       ; 183                                          ;
;     Dedicated logic registers ; 0                                            ;
; Total registers               ; 0                                            ;
; Total pins                    ; 70                                           ;
; Total virtual pins            ; 0                                            ;
; Total block memory bits       ; 0                                            ;
; DSP block 9-bit elements      ; 0                                            ;
; Total PLLs                    ; 0                                            ;
; Total DLLs                    ; 0                                            ;
+-------------------------------+----------------------------------------------+


+----------------------------------------------------------------------------------------------------------------------+
; Analysis & Synthesis Settings                                                                                        ;
+----------------------------------------------------------------------------+--------------------+--------------------+
; Option                                                                     ; Setting            ; Default Value      ;
+----------------------------------------------------------------------------+--------------------+--------------------+
; Top-level entity name                                                      ; ALU_shift          ; COA-Practical-Work ;
; Family name                                                                ; Stratix II         ; Stratix II         ;
; Type of Retiming Performed During Resynthesis                              ; Full               ;                    ;
; Resynthesis Optimization Effort                                            ; Normal             ;                    ;
; Physical Synthesis Level for Resynthesis                                   ; Normal             ;                    ;
; Use Generated Physical Constraints File                                    ; Off                ;                    ;
; Use smart compilation                                                      ; Off                ; Off                ;
; Enable parallel Assembler and TimeQuest Timing Analyzer during compilation ; On                 ; On                 ;
; Enable compact report table                                                ; Off                ; Off                ;
; Restructure Multiplexers                                                   ; Auto               ; Auto               ;
; Create Debugging Nodes for IP Cores                                        ; Off                ; Off                ;
; Preserve fewer node names                                                  ; On                 ; On                 ;
; Disable OpenCore Plus hardware evaluation                                  ; Off                ; Off                ;
; Verilog Version                                                            ; Verilog_2001       ; Verilog_2001       ;
; VHDL Version                                                               ; VHDL_1993          ; VHDL_1993          ;
; State Machine Processing                                                   ; Auto               ; Auto               ;
; Safe State Machine                                                         ; Off                ; Off                ;
; Extract Verilog State Machines                                             ; On                 ; On                 ;
; Extract VHDL State Machines                                                ; On                 ; On                 ;
; Ignore Verilog initial constructs                                          ; Off                ; Off                ;
; Iteration limit for constant Verilog loops                                 ; 5000               ; 5000               ;
; Iteration limit for non-constant Verilog loops                             ; 250                ; 250                ;
; Add Pass-Through Logic to Inferred RAMs                                    ; On                 ; On                 ;
; Parallel Synthesis                                                         ; On                 ; On                 ;
; DSP Block Balancing                                                        ; Auto               ; Auto               ;
; NOT Gate Push-Back                                                         ; On                 ; On                 ;
; Power-Up Don't Care                                                        ; On                 ; On                 ;
; Remove Redundant Logic Cells                                               ; Off                ; Off                ;
; Remove Duplicate Registers                                                 ; On                 ; On                 ;
; Ignore CARRY Buffers                                                       ; Off                ; Off                ;
; Ignore CASCADE Buffers                                                     ; Off                ; Off                ;
; Ignore GLOBAL Buffers                                                      ; Off                ; Off                ;
; Ignore ROW GLOBAL Buffers                                                  ; Off                ; Off                ;
; Ignore LCELL Buffers                                                       ; Off                ; Off                ;
; Ignore SOFT Buffers                                                        ; On                 ; On                 ;
; Limit AHDL Integers to 32 Bits                                             ; Off                ; Off                ;
; Optimization Technique                                                     ; Balanced           ; Balanced           ;
; Carry Chain Length                                                         ; 70                 ; 70                 ;
; Auto Carry Chains                                                          ; On                 ; On                 ;
; Auto Open-Drain Pins                                                       ; On                 ; On                 ;
; Perform WYSIWYG Primitive Resynthesis                                      ; Off                ; Off                ;
; Auto ROM Replacement                                                       ; On                 ; On                 ;
; Auto RAM Replacement                                                       ; On                 ; On                 ;
; Auto DSP Block Replacement                                                 ; On                 ; On                 ;
; Auto Shift Register Replacement                                            ; Auto               ; Auto               ;
; Auto Clock Enable Replacement                                              ; On                 ; On                 ;
; Strict RAM Replacement                                                     ; Off                ; Off                ;
; Allow Synchronous Control Signals                                          ; On                 ; On                 ;
; Force Use of Synchronous Clear Signals                                     ; Off                ; Off                ;
; Auto RAM Block Balancing                                                   ; On                 ; On                 ;
; Auto RAM to Logic Cell Conversion                                          ; Off                ; Off                ;
; Auto Resource Sharing                                                      ; Off                ; Off                ;
; Allow Any RAM Size For Recognition                                         ; Off                ; Off                ;
; Allow Any ROM Size For Recognition                                         ; Off                ; Off                ;
; Allow Any Shift Register Size For Recognition                              ; Off                ; Off                ;
; Use LogicLock Constraints during Resource Balancing                        ; On                 ; On                 ;
; Ignore translate_off and synthesis_off directives                          ; Off                ; Off                ;
; Timing-Driven Synthesis                                                    ; Off                ; Off                ;
; Show Parameter Settings Tables in Synthesis Report                         ; On                 ; On                 ;
; Ignore Maximum Fan-Out Assignments                                         ; Off                ; Off                ;
; Synchronization Register Chain Length                                      ; 2                  ; 2                  ;
; PowerPlay Power Optimization                                               ; Normal compilation ; Normal compilation ;
; HDL message level                                                          ; Level2             ; Level2             ;
; Suppress Register Optimization Related Messages                            ; Off                ; Off                ;
; Number of Removed Registers Reported in Synthesis Report                   ; 5000               ; 5000               ;
; Number of Inverted Registers Reported in Synthesis Report                  ; 100                ; 100                ;
; Clock MUX Protection                                                       ; On                 ; On                 ;
; Auto Gated Clock Conversion                                                ; Off                ; Off                ;
; Block Design Naming                                                        ; Auto               ; Auto               ;
; SDC constraint protection                                                  ; Off                ; Off                ;
; Synthesis Effort                                                           ; Auto               ; Auto               ;
; Shift Register Replacement - Allow Asynchronous Clear Signal               ; On                 ; On                 ;
; Analysis & Synthesis Message Level                                         ; Medium             ; Medium             ;
; Disable Register Merging Across Hierarchies                                ; Auto               ; Auto               ;
; Resource Aware Inference For Block RAM                                     ; On                 ; On                 ;
+----------------------------------------------------------------------------+--------------------+--------------------+


Parallel compilation was disabled, but you have multiple processors available. Enable parallel compilation to reduce compilation time.
+-------------------------------------+
; Parallel Compilation                ;
+----------------------------+--------+
; Processors                 ; Number ;
+----------------------------+--------+
; Number detected on machine ; 14     ;
; Maximum allowed            ; 1      ;
+----------------------------+--------+


+-------------------------------------------------------------------------------------------------------------------------------------------------------+
; Analysis & Synthesis Source Files Read                                                                                                                ;
+----------------------------------+-----------------+------------------------------------+-------------------------------------------------------------+
; File Name with User-Entered Path ; Used in Netlist ; File Type                          ; File Name with Absolute Path                                ;
+----------------------------------+-----------------+------------------------------------+-------------------------------------------------------------+
; lpm_clshift0.v                   ; yes             ; User Wizard-Generated File         ; E:/COA-Practical-Work/lpm_clshift0.v                        ;
; ALU_shift.bdf                    ; yes             ; User Block Diagram/Schematic File  ; E:/COA-Practical-Work/ALU_shift.bdf                         ;
; lpm_clshift.tdf                  ; yes             ; Megafunction                       ; d:/quartus2/quartus/libraries/megafunctions/lpm_clshift.tdf ;
; db/lpm_clshift_euc.tdf           ; yes             ; Auto-Generated Megafunction        ; E:/COA-Practical-Work/db/lpm_clshift_euc.tdf                ;
+----------------------------------+-----------------+------------------------------------+-------------------------------------------------------------+


+------------------------------------------------------------+
; Analysis & Synthesis Resource Usage Summary                ;
+-----------------------------------------------+------------+
; Resource                                      ; Usage      ;
+-----------------------------------------------+------------+
; Estimated ALUTs Used                          ; 183        ;
; Dedicated logic registers                     ; 0          ;
;                                               ;            ;
; Estimated ALUTs Unavailable                   ; 38         ;
;                                               ;            ;
; Total combinational functions                 ; 183        ;
; Combinational ALUT usage by number of inputs  ;            ;
;     -- 7 input functions                      ; 3          ;
;     -- 6 input functions                      ; 35         ;
;     -- 5 input functions                      ; 115        ;
;     -- 4 input functions                      ; 23         ;
;     -- <=3 input functions                    ; 7          ;
;                                               ;            ;
; Combinational ALUTs by mode                   ;            ;
;     -- normal mode                            ; 180        ;
;     -- extended LUT mode                      ; 3          ;
;     -- arithmetic mode                        ; 0          ;
;     -- shared arithmetic mode                 ; 0          ;
;                                               ;            ;
; Estimated ALUT/register pairs used            ; 221        ;
;                                               ;            ;
; Total registers                               ; 0          ;
;     -- Dedicated logic registers              ; 0          ;
;     -- I/O registers                          ; 0          ;
;                                               ;            ;
; Estimated ALMs:  partially or completely used ; 111        ;
;                                               ;            ;
; I/O pins                                      ; 70         ;
; Maximum fan-out node                          ; shift_type ;
; Maximum fan-out                               ; 157        ;
; Total fan-out                                 ; 946        ;
; Average fan-out                               ; 3.74       ;
+-----------------------------------------------+------------+


+-----------------------------------------------------------------------------------------------------------------------------------------------------------------------------------------------------------------------------------------------------------------------------------------+
; Analysis & Synthesis Resource Utilization by Entity                                                                                                                                                                                                                                     ;
+-------------------------------------------+-------------------+--------------+-------------------+--------------+---------+-----------+-----------+------+--------------+------------------------------------------------------------------------------------------------+--------------+
; Compilation Hierarchy Node                ; LC Combinationals ; LC Registers ; Block Memory Bits ; DSP Elements ; DSP 9x9 ; DSP 18x18 ; DSP 36x36 ; Pins ; Virtual Pins ; Full Hierarchy Name                                                                            ; Library Name ;
+-------------------------------------------+-------------------+--------------+-------------------+--------------+---------+-----------+-----------+------+--------------+------------------------------------------------------------------------------------------------+--------------+
; |ALU_shift                                ; 183 (0)           ; 0 (0)        ; 0                 ; 0            ; 0       ; 0         ; 0         ; 70   ; 0            ; |ALU_shift                                                                                     ; work         ;
;    |lpm_clshift0:inst6|                   ; 183 (0)           ; 0 (0)        ; 0                 ; 0            ; 0       ; 0         ; 0         ; 0    ; 0            ; |ALU_shift|lpm_clshift0:inst6                                                                  ;              ;
;       |lpm_clshift:lpm_clshift_component| ; 183 (0)           ; 0 (0)        ; 0                 ; 0            ; 0       ; 0         ; 0         ; 0    ; 0            ; |ALU_shift|lpm_clshift0:inst6|lpm_clshift:lpm_clshift_component                                ; work         ;
;          |lpm_clshift_euc:auto_generated| ; 183 (183)         ; 0 (0)        ; 0                 ; 0            ; 0       ; 0         ; 0         ; 0    ; 0            ; |ALU_shift|lpm_clshift0:inst6|lpm_clshift:lpm_clshift_component|lpm_clshift_euc:auto_generated ;              ;
+-------------------------------------------+-------------------+--------------+-------------------+--------------+---------+-----------+-----------+------+--------------+------------------------------------------------------------------------------------------------+--------------+
Note: For table entries with two numbers listed, the numbers in parentheses indicate the number of resources of the given type used by the specific entity alone. The numbers listed outside of parentheses indicate the total resources of the given type used by the specific entity and all of its sub-entities in the hierarchy.


+------------------------------------------------------+
; General Register Statistics                          ;
+----------------------------------------------+-------+
; Statistic                                    ; Value ;
+----------------------------------------------+-------+
; Total registers                              ; 0     ;
; Number of registers using Synchronous Clear  ; 0     ;
; Number of registers using Synchronous Load   ; 0     ;
; Number of registers using Asynchronous Clear ; 0     ;
; Number of registers using Asynchronous Load  ; 0     ;
; Number of registers using Clock Enable       ; 0     ;
; Number of registers using Preset             ; 0     ;
+----------------------------------------------+-------+


+---------------------------------------------------------------------------------------------------+
; Parameter Settings for User Entity Instance: lpm_clshift0:inst6|lpm_clshift:lpm_clshift_component ;
+----------------+-----------------+----------------------------------------------------------------+
; Parameter Name ; Value           ; Type                                                           ;
+----------------+-----------------+----------------------------------------------------------------+
; LPM_PIPELINE   ; 0               ; Untyped                                                        ;
; LPM_SHIFTTYPE  ; ARITHMETIC      ; Untyped                                                        ;
; LPM_WIDTH      ; 32              ; Signed Integer                                                 ;
; LPM_WIDTHDIST  ; 5               ; Signed Integer                                                 ;
; CBXI_PARAMETER ; lpm_clshift_euc ; Untyped                                                        ;
+----------------+-----------------+----------------------------------------------------------------+
Note: In order to hide this table in the UI and the text report file, please set the "Show Parameter Settings Tables in Synthesis Report" option in "Analysis and Synthesis Settings -> More Settings" to "Off".


+-------------------------------+
; Analysis & Synthesis Messages ;
+-------------------------------+
Info: *******************************************************************
Info: Running Quartus II Analysis & Synthesis
    Info: Version 9.1 Build 350 03/24/2010 Service Pack 2 SJ Web Edition
    Info: Processing started: Tue Mar 24 11:19:34 2026
Info: Command: quartus_map --read_settings_files=on --write_settings_files=off COA-Practical-Work -c COA-Practical-Work
Info: Found 1 design units, including 1 entities, in source file id.bdf
    Info: Found entity 1: ID
Info: Found 1 design units, including 1 entities, in source file gprs.bdf
    Info: Found entity 1: GPRs
Warning: Can't analyze file -- file ALU.bdf is missing
Info: Found 1 design units, including 1 entities, in source file lpm_clshift0.v
    Info: Found entity 1: lpm_clshift0
Info: Found 1 design units, including 1 entities, in source file alu_shift.bdf
    Info: Found entity 1: ALU_shift
Info: Elaborating entity "ALU_shift" for the top level hierarchy
Info: Elaborating entity "lpm_clshift0" for hierarchy "lpm_clshift0:inst6"
Info: Elaborating entity "lpm_clshift" for hierarchy "lpm_clshift0:inst6|lpm_clshift:lpm_clshift_component"
Info: Elaborated megafunction instantiation "lpm_clshift0:inst6|lpm_clshift:lpm_clshift_component"
Info: Instantiated megafunction "lpm_clshift0:inst6|lpm_clshift:lpm_clshift_component" with the following parameter:
    Info: Parameter "lpm_shifttype" = "ARITHMETIC"
    Info: Parameter "lpm_type" = "LPM_CLSHIFT"
    Info: Parameter "lpm_width" = "32"
    Info: Parameter "lpm_widthdist" = "5"
Info: Found 1 design units, including 1 entities, in source file db/lpm_clshift_euc.tdf
    Info: Found entity 1: lpm_clshift_euc
Info: Elaborating entity "lpm_clshift_euc" for hierarchy "lpm_clshift0:inst6|lpm_clshift:lpm_clshift_component|lpm_clshift_euc:auto_generated"
Info: Implemented 253 device resources after synthesis - the final resource count might be different
    Info: Implemented 38 input pins
    Info: Implemented 32 output pins
    Info: Implemented 183 logic cells
Info: Quartus II Analysis & Synthesis was successful. 0 errors, 1 warning
    Info: Peak virtual memory: 236 megabytes
    Info: Processing ended: Tue Mar 24 11:19:35 2026
    Info: Elapsed time: 00:00:01
    Info: Total CPU time (on all processors): 00:00:01


